<?xml version="1.0" encoding="UTF-8"?>
<!-- Generated by org.testng.reporters.JUnitXMLReporter -->
<testsuite ignored="0" hostname="DESKTOP-KEOAFQU" failures="1" tests="12" name="tutorialsNinja Test" time="33.699" errors="0" timestamp="2023-12-05T10:44:28 PST">
  <testcase classname="com.tutorialninja.qa.testCases.RegisterPageTest" name="verifyRegisteringAnAcountWithMandatoryFields" time="0.924"/>
  <testcase classname="com.tutorialninja.qa.testCases.RegisterPageTest" name="verifyRegisteringAccountProvidingAllFields" time="0.605"/>
  <testcase classname="com.tutorialninja.qa.testCases.RegisterPageTest" name="verifyRegisteringAccountWithExistingEmailAddress" time="0.69"/>
  <testcase classname="com.tutorialninja.qa.testCases.RegisterPageTest" name="verifyRegisteringAccountWithoutFillingAnyDetails" time="0.324"/>
  <testcase classname="com.tutorialninja.qa.testCases.LoginPageTest" name="verifyLoginWithValidCred" time="0.654"/>
  <testcase classname="com.tutorialninja.qa.testCases.LoginPageTest" name="verifyLoginValidEmailInvalidPassword" time="0.372"/>
  <testcase classname="com.tutorialninja.qa.testCases.LoginPageTest" name="verifyLoginInvalidEmailValidPassword" time="0.431"/>
  <testcase classname="com.tutorialninja.qa.testCases.LoginPageTest" name="verifyLoginWithInvalidCred" time="0.392"/>
  <testcase classname="com.tutorialninja.qa.testCases.LoginPageTest" name="verifyLoginWithNoInputs" time="0.26"/>
  <testcase classname="com.tutorialninja.qa.testCases.SearchPageTest" name="SearchExistingProduct" time="0.305"/>
  <testcase classname="com.tutorialninja.qa.testCases.SearchPageTest" name="SearchNotExitingProduct" time="0.235">
    <failure type="java.lang.AssertionError" message="Not Existing Spiels not displayed expected [abcd] but found [There is no product that matches the search criteria.]">
      <![CDATA[java.lang.AssertionError: Not Existing Spiels not displayed expected [abcd] but found [There is no product that matches the search criteria.]
at com.tutorialninja.qa.testCases.SearchPageTest.SearchNotExitingProduct(SearchPageTest.java:64)
at java.base/java.util.ArrayList.forEach(ArrayList.java:1511)
... Removed 36 stack frames]]>
    </failure>
  </testcase> <!-- SearchNotExitingProduct -->
  <testcase classname="com.tutorialninja.qa.testCases.SearchPageTest" name="SearchWithouthAnyProduct" time="0.0">
    <skipped/>
  </testcase> <!-- SearchWithouthAnyProduct -->
</testsuite> <!-- tutorialsNinja Test -->
