<?xml version="1.0" encoding="UTF-8"?>
<!-- Generated by org.testng.reporters.JUnitXMLReporter -->
<testsuite ignored="0" hostname="DESKTOP-KEOAFQU" failures="1" tests="12" name="tutorialsNinja Test" time="32.103" errors="0" timestamp="2023-12-05T10:49:30 PST">
  <testcase classname="com.tutorialninja.qa.testCases.RegisterPage" name="verifyRegisteringAnAcountWithMandatoryFields" time="0.893"/>
  <testcase classname="com.tutorialninja.qa.testCases.RegisterPage" name="verifyRegisteringAccountProvidingAllFields" time="0.542"/>
  <testcase classname="com.tutorialninja.qa.testCases.RegisterPage" name="verifyRegisteringAccountWithExistingEmailAddress" time="0.668"/>
  <testcase classname="com.tutorialninja.qa.testCases.RegisterPage" name="verifyRegisteringAccountWithoutFillingAnyDetails" time="0.295"/>
  <testcase classname="com.tutorialninja.qa.testCases.LoginPage" name="verifyLoginWithValidCred" time="0.662"/>
  <testcase classname="com.tutorialninja.qa.testCases.LoginPage" name="verifyLoginValidEmailInvalidPassword" time="0.436"/>
  <testcase classname="com.tutorialninja.qa.testCases.LoginPage" name="verifyLoginInvalidEmailValidPassword" time="0.36"/>
  <testcase classname="com.tutorialninja.qa.testCases.LoginPage" name="verifyLoginWithInvalidCred" time="0.353"/>
  <testcase classname="com.tutorialninja.qa.testCases.LoginPage" name="verifyLoginWithNoInputs" time="0.293"/>
  <testcase classname="com.tutorialninja.qa.testCases.SearchPage" name="SearchExistingProduct" time="0.293"/>
  <testcase classname="com.tutorialninja.qa.testCases.SearchPage" name="SearchNotExitingProduct" time="0.226">
    <failure type="java.lang.AssertionError" message="Not Existing Spiels not displayed expected [abcd] but found [There is no product that matches the search criteria.]">
      <![CDATA[java.lang.AssertionError: Not Existing Spiels not displayed expected [abcd] but found [There is no product that matches the search criteria.]
at com.tutorialninja.qa.testCases.SearchPage.SearchNotExitingProduct(SearchPage.java:64)
at java.base/java.util.ArrayList.forEach(ArrayList.java:1511)
... Removed 32 stack frames]]>
    </failure>
  </testcase> <!-- SearchNotExitingProduct -->
  <testcase classname="com.tutorialninja.qa.testCases.SearchPage" name="SearchWithouthAnyProduct" time="0.0">
    <skipped/>
  </testcase> <!-- SearchWithouthAnyProduct -->
</testsuite> <!-- tutorialsNinja Test -->
