<?xml version="1.0" encoding="UTF-8"?>
<testsuite xmlns:xsi="http://www.w3.org/2001/XMLSchema-instance" xsi:noNamespaceSchemaLocation="https://maven.apache.org/surefire/maven-surefire-plugin/xsd/surefire-test-report-3.0.xsd" version="3.0" name="TestSuite" time="39.094" tests="12" errors="0" skipped="1" failures="1">
  <properties>
[...]
</properties>
  <testcase name="verifyRegisteringAnAcountWithMandatoryFields[TestFname, TestLname, marjerickgflores@gmail.com, 2147483647, !TestingUnle123, !TestingUnle123](1)" classname="com.tutorialninja.qa.testCases.RegisterPageTest" time="0.925">
    <system-out><![CDATA[Execution of project test is Started
]]></system-out>
    <system-err><![CDATA[SLF4J: Failed to load class "org.slf4j.impl.StaticLoggerBinder".
SLF4J: Defaulting to no-operation (NOP) logger implementation
SLF4J: See http://www.slf4j.org/codes.html#StaticLoggerBinder for further details.
]]></system-err>
  </testcase>
  <testcase name="verifyRegisteringAccountProvidingAllFields[TestFname, TestLname, marjerickgflores@gmail.com, 2147483647, !TestingUnle123, !TestingUnle123](1)" classname="com.tutorialninja.qa.testCases.RegisterPageTest" time="0.606"/>
  <testcase name="verifyRegisteringAccountWithExistingEmailAddress[TestFname, TestLname, marjerickgflores@gmail.com, 2147483647, !TestingUnle123, !TestingUnle123](1)" classname="com.tutorialninja.qa.testCases.RegisterPageTest" time="0.689"/>
  <testcase name="verifyRegisteringAccountWithoutFillingAnyDetails" classname="com.tutorialninja.qa.testCases.RegisterPageTest" time="0.323"/>
  <testcase name="verifyLoginWithValidCred[testinly@gmail.com, !Testing123, testing@testing.com, !testingonly](1)" classname="com.tutorialninja.qa.testCases.LoginPageTest" time="0.655"/>
  <testcase name="verifyLoginValidEmailInvalidPassword[testinly@gmail.com, !Testing123, testing@testing.com, !testingonly](1)" classname="com.tutorialninja.qa.testCases.LoginPageTest" time="0.372"/>
  <testcase name="verifyLoginInvalidEmailValidPassword[testinly@gmail.com, !Testing123, testing@testing.com, !testingonly](1)" classname="com.tutorialninja.qa.testCases.LoginPageTest" time="0.431"/>
  <testcase name="verifyLoginWithInvalidCred[testinly@gmail.com, !Testing123, testing@testing.com, !testingonly](1)" classname="com.tutorialninja.qa.testCases.LoginPageTest" time="0.392"/>
  <testcase name="verifyLoginWithNoInputs" classname="com.tutorialninja.qa.testCases.LoginPageTest" time="0.261"/>
  <testcase name="SearchExistingProduct[Iphone, Kawasaki Ninja](1)" classname="com.tutorialninja.qa.testCases.SearchPageTest" time="0.306"/>
  <testcase name="SearchNotExitingProduct[Iphone, Kawasaki Ninja](1)" classname="com.tutorialninja.qa.testCases.SearchPageTest" time="0.434">
    <failure message="Not Existing Spiels not displayed expected [abcd] but found [There is no product that matches the search criteria.]" type="java.lang.AssertionError"><![CDATA[java.lang.AssertionError: Not Existing Spiels not displayed expected [abcd] but found [There is no product that matches the search criteria.]
	at org.testng.Assert.fail(Assert.java:111)
	at org.testng.Assert.failNotEquals(Assert.java:1578)
	at org.testng.Assert.assertEqualsImpl(Assert.java:150)
	at org.testng.Assert.assertEquals(Assert.java:132)
	at org.testng.Assert.assertEquals(Assert.java:656)
	at com.tutorialninja.qa.testCases.SearchPageTest.SearchNotExitingProduct(SearchPageTest.java:64)
	at java.base/jdk.internal.reflect.NativeMethodAccessorImpl.invoke0(Native Method)
	at java.base/jdk.internal.reflect.NativeMethodAccessorImpl.invoke(NativeMethodAccessorImpl.java:77)
	at java.base/jdk.internal.reflect.DelegatingMethodAccessorImpl.invoke(DelegatingMethodAccessorImpl.java:43)
	at java.base/java.lang.reflect.Method.invoke(Method.java:568)
	at org.testng.internal.invokers.MethodInvocationHelper.invokeMethod(MethodInvocationHelper.java:139)
	at org.testng.internal.invokers.TestInvoker.invokeMethod(TestInvoker.java:664)
	at org.testng.internal.invokers.TestInvoker.invokeTestMethod(TestInvoker.java:227)
	at org.testng.internal.invokers.MethodRunner.runInSequence(MethodRunner.java:50)
	at org.testng.internal.invokers.TestInvoker$MethodInvocationAgent.invoke(TestInvoker.java:957)
	at org.testng.internal.invokers.TestInvoker.invokeTestMethods(TestInvoker.java:200)
	at org.testng.internal.invokers.TestMethodWorker.invokeTestMethods(TestMethodWorker.java:148)
	at org.testng.internal.invokers.TestMethodWorker.run(TestMethodWorker.java:128)
	at java.base/java.util.ArrayList.forEach(ArrayList.java:1511)
	at org.testng.TestRunner.privateRun(TestRunner.java:848)
	at org.testng.TestRunner.run(TestRunner.java:621)
	at org.testng.SuiteRunner.runTest(SuiteRunner.java:443)
	at org.testng.SuiteRunner.runSequentially(SuiteRunner.java:437)
	at org.testng.SuiteRunner.privateRun(SuiteRunner.java:397)
	at org.testng.SuiteRunner.run(SuiteRunner.java:336)
	at org.testng.SuiteRunnerWorker.runSuite(SuiteRunnerWorker.java:52)
	at org.testng.SuiteRunnerWorker.run(SuiteRunnerWorker.java:95)
	at org.testng.TestNG.runSuitesSequentially(TestNG.java:1280)
	at org.testng.TestNG.runSuitesLocally(TestNG.java:1200)
	at org.testng.TestNG.runSuites(TestNG.java:1114)
	at org.testng.TestNG.run(TestNG.java:1082)
	at org.apache.maven.surefire.testng.TestNGExecutor.run(TestNGExecutor.java:308)
	at org.apache.maven.surefire.testng.TestNGXmlTestSuite.execute(TestNGXmlTestSuite.java:71)
	at org.apache.maven.surefire.testng.TestNGProvider.invoke(TestNGProvider.java:113)
	at org.apache.maven.surefire.booter.ForkedBooter.runSuitesInProcess(ForkedBooter.java:385)
	at org.apache.maven.surefire.booter.ForkedBooter.execute(ForkedBooter.java:162)
	at org.apache.maven.surefire.booter.ForkedBooter.run(ForkedBooter.java:507)
	at org.apache.maven.surefire.booter.ForkedBooter.main(ForkedBooter.java:495)
]]></failure>
    <system-out><![CDATA[Screenshot Taken
]]></system-out>
    <system-err><![CDATA[java.io.FileNotFoundException: C:\Users\PC01\git\repository\NinjatutorialsPractice\Screenshot\SearchNotExitingProduct.png (The system cannot find the path specified)
	at java.base/java.io.FileOutputStream.open0(Native Method)
	at java.base/java.io.FileOutputStream.open(FileOutputStream.java:293)
	at java.base/java.io.FileOutputStream.<init>(FileOutputStream.java:235)
	at java.base/java.io.FileOutputStream.<init>(FileOutputStream.java:184)
	at org.openqa.selenium.io.FileHandler.copyFile(FileHandler.java:131)
	at org.openqa.selenium.io.FileHandler.copy(FileHandler.java:110)
	at com.tutorialninja.qa.utils.Utilities.captureScreenShot(Utilities.java:94)
	at com.tutorialsninja.qa.Listeners.MyListeners.onTestFailure(MyListeners.java:63)
	at org.testng.internal.TestListenerHelper.runTestListeners(TestListenerHelper.java:108)
	at org.testng.internal.invokers.TestInvoker.runTestResultListener(TestInvoker.java:262)
	at org.testng.internal.invokers.TestInvoker.invokeMethod(TestInvoker.java:751)
	at org.testng.internal.invokers.TestInvoker.invokeTestMethod(TestInvoker.java:227)
	at org.testng.internal.invokers.MethodRunner.runInSequence(MethodRunner.java:50)
	at org.testng.internal.invokers.TestInvoker$MethodInvocationAgent.invoke(TestInvoker.java:957)
	at org.testng.internal.invokers.TestInvoker.invokeTestMethods(TestInvoker.java:200)
	at org.testng.internal.invokers.TestMethodWorker.invokeTestMethods(TestMethodWorker.java:148)
	at org.testng.internal.invokers.TestMethodWorker.run(TestMethodWorker.java:128)
	at java.base/java.util.ArrayList.forEach(ArrayList.java:1511)
	at org.testng.TestRunner.privateRun(TestRunner.java:848)
	at org.testng.TestRunner.run(TestRunner.java:621)
	at org.testng.SuiteRunner.runTest(SuiteRunner.java:443)
	at org.testng.SuiteRunner.runSequentially(SuiteRunner.java:437)
	at org.testng.SuiteRunner.privateRun(SuiteRunner.java:397)
	at org.testng.SuiteRunner.run(SuiteRunner.java:336)
	at org.testng.SuiteRunnerWorker.runSuite(SuiteRunnerWorker.java:52)
	at org.testng.SuiteRunnerWorker.run(SuiteRunnerWorker.java:95)
	at org.testng.TestNG.runSuitesSequentially(TestNG.java:1280)
	at org.testng.TestNG.runSuitesLocally(TestNG.java:1200)
	at org.testng.TestNG.runSuites(TestNG.java:1114)
	at org.testng.TestNG.run(TestNG.java:1082)
	at org.apache.maven.surefire.testng.TestNGExecutor.run(TestNGExecutor.java:308)
	at org.apache.maven.surefire.testng.TestNGXmlTestSuite.execute(TestNGXmlTestSuite.java:71)
	at org.apache.maven.surefire.testng.TestNGProvider.invoke(TestNGProvider.java:113)
	at org.apache.maven.surefire.booter.ForkedBooter.runSuitesInProcess(ForkedBooter.java:385)
	at org.apache.maven.surefire.booter.ForkedBooter.execute(ForkedBooter.java:162)
	at org.apache.maven.surefire.booter.ForkedBooter.run(ForkedBooter.java:507)
	at org.apache.maven.surefire.booter.ForkedBooter.main(ForkedBooter.java:495)
]]></system-err>
  </testcase>
  <testcase name="SearchWithouthAnyProduct" classname="com.tutorialninja.qa.testCases.SearchPageTest" time="0.0">
    <skipped message="Method com.tutorialninja.qa.testCases.SearchPageTest.SearchWithouthAnyProduct() on instance com.tutorialninja.qa.testCases.SearchPageTest@52719fb6 depends on not successfully finished methods &#10;[com.tutorialninja.qa.testCases.SearchPageTest.SearchExistingProduct() on instance com.tutorialninja.qa.testCases.SearchPageTest@52719fb6&#10;com.tutorialninja.qa.testCases.SearchPageTest.SearchNotExitingProduct() on instance com.tutorialninja.qa.testCases.SearchPageTest@52719fb6]"/>
  </testcase>
</testsuite>